2025-12-25 21:01:26 ERROR u.q.service.sheet.SheetServiceImpl - Error reading range data!A:B: 
com.google.auth.oauth2.GoogleAuthException: Error getting access token for service account: Connect timed out, iss: notuzcomputers@notuzcomputers.iam.gserviceaccount.com
	at com.google.auth.oauth2.GoogleAuthException.createWithTokenEndpointIOException(GoogleAuthException.java:166)
	at com.google.auth.oauth2.ServiceAccountCredentials.refreshAccessToken(ServiceAccountCredentials.java:543)
	at com.google.auth.oauth2.OAuth2Credentials$1.call(OAuth2Credentials.java:269)
	at com.google.auth.oauth2.OAuth2Credentials$1.call(OAuth2Credentials.java:266)
	at java.base/java.util.concurrent.FutureTask.run$$$capture(FutureTask.java:317)
	at java.base/java.util.concurrent.FutureTask.run(FutureTask.java)
	at com.google.auth.oauth2.OAuth2Credentials$RefreshTask.run(OAuth2Credentials.java:633)
	at com.google.common.util.concurrent.DirectExecutor.execute(DirectExecutor.java:31)
	at com.google.auth.oauth2.OAuth2Credentials$AsyncRefreshResult.executeIfNew(OAuth2Credentials.java:581)
	at com.google.auth.oauth2.OAuth2Credentials.asyncFetch(OAuth2Credentials.java:232)
	at com.google.auth.oauth2.OAuth2Credentials.getRequestMetadata(OAuth2Credentials.java:182)
	at com.google.auth.oauth2.ServiceAccountCredentials.getRequestMetadata(ServiceAccountCredentials.java:938)
	at com.google.auth.http.HttpCredentialsAdapter.initialize(HttpCredentialsAdapter.java:96)
	at com.google.api.client.http.HttpRequestFactory.buildRequest(HttpRequestFactory.java:91)
	at com.google.api.client.googleapis.services.AbstractGoogleClientRequest.buildHttpRequest(AbstractGoogleClientRequest.java:415)
	at com.google.api.client.googleapis.services.AbstractGoogleClientRequest.executeUnparsed(AbstractGoogleClientRequest.java:525)
	at com.google.api.client.googleapis.services.AbstractGoogleClientRequest.executeUnparsed(AbstractGoogleClientRequest.java:466)
	at com.google.api.client.googleapis.services.AbstractGoogleClientRequest.execute(AbstractGoogleClientRequest.java:576)
	at uz.qarzdorlar_ai.service.sheet.SheetServiceImpl.readRange(SheetServiceImpl.java:109)
	at uz.qarzdorlar_ai.service.sheet.SheetServiceImpl.importGoogleSheetData(SheetServiceImpl.java:151)
	at uz.qarzdorlar_ai.scheduling.GoogleSheetDataUpdates.updateOrInsertProductDatabase(GoogleSheetDataUpdates.java:40)
	at java.base/jdk.internal.reflect.DirectMethodHandleAccessor.invoke(DirectMethodHandleAccessor.java:103)
	at java.base/java.lang.reflect.Method.invoke(Method.java:580)
	at org.springframework.aop.support.AopUtils.invokeJoinpointUsingReflection(AopUtils.java:360)
	at org.springframework.aop.framework.ReflectiveMethodInvocation.invokeJoinpoint(ReflectiveMethodInvocation.java:196)
	at org.springframework.aop.framework.ReflectiveMethodInvocation.proceed(ReflectiveMethodInvocation.java:163)
	at org.springframework.aop.interceptor.AsyncExecutionInterceptor.lambda$invoke$0(AsyncExecutionInterceptor.java:114)
	at java.base/java.util.concurrent.FutureTask.run$$$capture(FutureTask.java:317)
	at java.base/java.util.concurrent.FutureTask.run(FutureTask.java)
	at java.base/java.util.concurrent.ThreadPoolExecutor.runWorker(ThreadPoolExecutor.java:1144)
	at java.base/java.util.concurrent.ThreadPoolExecutor$Worker.run(ThreadPoolExecutor.java:642)
	at java.base/java.lang.Thread.run(Thread.java:1583)
Caused by: java.net.SocketTimeoutException: Connect timed out
	at java.base/sun.nio.ch.NioSocketImpl.timedFinishConnect(NioSocketImpl.java:546)
	at java.base/sun.nio.ch.NioSocketImpl.connect(NioSocketImpl.java:592)
	at java.base/java.net.SocksSocketImpl.connect(SocksSocketImpl.java:327)
	at java.base/java.net.Socket.connect(Socket.java:751)
	at java.base/sun.security.ssl.SSLSocketImpl.connect(SSLSocketImpl.java:304)
	at java.base/sun.net.NetworkClient.doConnect(NetworkClient.java:178)
	at java.base/sun.net.www.http.HttpClient.openServer(HttpClient.java:531)
	at java.base/sun.net.www.http.HttpClient.openServer(HttpClient.java:636)
	at java.base/sun.net.www.protocol.https.HttpsClient.<init>(HttpsClient.java:264)
	at java.base/sun.net.www.protocol.https.HttpsClient.New(HttpsClient.java:377)
	at java.base/sun.net.www.protocol.https.AbstractDelegateHttpsURLConnection.getNewHttpClient(AbstractDelegateHttpsURLConnection.java:193)
	at java.base/sun.net.www.protocol.http.HttpURLConnection.plainConnect0(HttpURLConnection.java:1253)
	at java.base/sun.net.www.protocol.http.HttpURLConnection.plainConnect(HttpURLConnection.java:1139)
	at java.base/sun.net.www.protocol.https.AbstractDelegateHttpsURLConnection.connect(AbstractDelegateHttpsURLConnection.java:179)
	at java.base/sun.net.www.protocol.http.HttpURLConnection.getOutputStream0(HttpURLConnection.java:1462)
	at java.base/sun.net.www.protocol.http.HttpURLConnection.getOutputStream(HttpURLConnection.java:1433)
	at java.base/sun.net.www.protocol.https.HttpsURLConnectionImpl.getOutputStream(HttpsURLConnectionImpl.java:219)
	at com.google.api.client.http.javanet.NetHttpRequest.execute(NetHttpRequest.java:113)
	at com.google.api.client.http.javanet.NetHttpRequest.execute(NetHttpRequest.java:84)
	at com.google.api.client.http.HttpRequest.execute(HttpRequest.java:1012)
	at com.google.auth.oauth2.ServiceAccountCredentials.refreshAccessToken(ServiceAccountCredentials.java:538)
	... 30 common frames omitted
2025-12-25 21:01:26 ERROR o.s.a.i.SimpleAsyncUncaughtExceptionHandler - Unexpected exception occurred invoking async method: public void uz.qarzdorlar_ai.scheduling.GoogleSheetDataUpdates.updateOrInsertProductDatabase()
java.lang.RuntimeException: Data retrieval failed from Google Sheets
	at uz.qarzdorlar_ai.service.sheet.SheetServiceImpl.readRange(SheetServiceImpl.java:120)
	at uz.qarzdorlar_ai.service.sheet.SheetServiceImpl.importGoogleSheetData(SheetServiceImpl.java:151)
	at uz.qarzdorlar_ai.scheduling.GoogleSheetDataUpdates.updateOrInsertProductDatabase(GoogleSheetDataUpdates.java:40)
	at java.base/jdk.internal.reflect.DirectMethodHandleAccessor.invoke(DirectMethodHandleAccessor.java:103)
	at java.base/java.lang.reflect.Method.invoke(Method.java:580)
	at org.springframework.aop.support.AopUtils.invokeJoinpointUsingReflection(AopUtils.java:360)
	at org.springframework.aop.framework.ReflectiveMethodInvocation.invokeJoinpoint(ReflectiveMethodInvocation.java:196)
	at org.springframework.aop.framework.ReflectiveMethodInvocation.proceed(ReflectiveMethodInvocation.java:163)
	at org.springframework.aop.interceptor.AsyncExecutionInterceptor.lambda$invoke$0(AsyncExecutionInterceptor.java:114)
	at java.base/java.util.concurrent.FutureTask.run$$$capture(FutureTask.java:317)
	at java.base/java.util.concurrent.FutureTask.run(FutureTask.java)
	at java.base/java.util.concurrent.ThreadPoolExecutor.runWorker(ThreadPoolExecutor.java:1144)
	at java.base/java.util.concurrent.ThreadPoolExecutor$Worker.run(ThreadPoolExecutor.java:642)
	at java.base/java.lang.Thread.run(Thread.java:1583)
Caused by: com.google.auth.oauth2.GoogleAuthException: Error getting access token for service account: Connect timed out, iss: notuzcomputers@notuzcomputers.iam.gserviceaccount.com
	at com.google.auth.oauth2.GoogleAuthException.createWithTokenEndpointIOException(GoogleAuthException.java:166)
	at com.google.auth.oauth2.ServiceAccountCredentials.refreshAccessToken(ServiceAccountCredentials.java:543)
	at com.google.auth.oauth2.OAuth2Credentials$1.call(OAuth2Credentials.java:269)
	at com.google.auth.oauth2.OAuth2Credentials$1.call(OAuth2Credentials.java:266)
	at java.base/java.util.concurrent.FutureTask.run$$$capture(FutureTask.java:317)
	at java.base/java.util.concurrent.FutureTask.run(FutureTask.java)
	at com.google.auth.oauth2.OAuth2Credentials$RefreshTask.run(OAuth2Credentials.java:633)
	at com.google.common.util.concurrent.DirectExecutor.execute(DirectExecutor.java:31)
	at com.google.auth.oauth2.OAuth2Credentials$AsyncRefreshResult.executeIfNew(OAuth2Credentials.java:581)
	at com.google.auth.oauth2.OAuth2Credentials.asyncFetch(OAuth2Credentials.java:232)
	at com.google.auth.oauth2.OAuth2Credentials.getRequestMetadata(OAuth2Credentials.java:182)
	at com.google.auth.oauth2.ServiceAccountCredentials.getRequestMetadata(ServiceAccountCredentials.java:938)
	at com.google.auth.http.HttpCredentialsAdapter.initialize(HttpCredentialsAdapter.java:96)
	at com.google.api.client.http.HttpRequestFactory.buildRequest(HttpRequestFactory.java:91)
	at com.google.api.client.googleapis.services.AbstractGoogleClientRequest.buildHttpRequest(AbstractGoogleClientRequest.java:415)
	at com.google.api.client.googleapis.services.AbstractGoogleClientRequest.executeUnparsed(AbstractGoogleClientRequest.java:525)
	at com.google.api.client.googleapis.services.AbstractGoogleClientRequest.executeUnparsed(AbstractGoogleClientRequest.java:466)
	at com.google.api.client.googleapis.services.AbstractGoogleClientRequest.execute(AbstractGoogleClientRequest.java:576)
	at uz.qarzdorlar_ai.service.sheet.SheetServiceImpl.readRange(SheetServiceImpl.java:109)
	... 13 common frames omitted
Caused by: java.net.SocketTimeoutException: Connect timed out
	at java.base/sun.nio.ch.NioSocketImpl.timedFinishConnect(NioSocketImpl.java:546)
	at java.base/sun.nio.ch.NioSocketImpl.connect(NioSocketImpl.java:592)
	at java.base/java.net.SocksSocketImpl.connect(SocksSocketImpl.java:327)
	at java.base/java.net.Socket.connect(Socket.java:751)
	at java.base/sun.security.ssl.SSLSocketImpl.connect(SSLSocketImpl.java:304)
	at java.base/sun.net.NetworkClient.doConnect(NetworkClient.java:178)
	at java.base/sun.net.www.http.HttpClient.openServer(HttpClient.java:531)
	at java.base/sun.net.www.http.HttpClient.openServer(HttpClient.java:636)
	at java.base/sun.net.www.protocol.https.HttpsClient.<init>(HttpsClient.java:264)
	at java.base/sun.net.www.protocol.https.HttpsClient.New(HttpsClient.java:377)
	at java.base/sun.net.www.protocol.https.AbstractDelegateHttpsURLConnection.getNewHttpClient(AbstractDelegateHttpsURLConnection.java:193)
	at java.base/sun.net.www.protocol.http.HttpURLConnection.plainConnect0(HttpURLConnection.java:1253)
	at java.base/sun.net.www.protocol.http.HttpURLConnection.plainConnect(HttpURLConnection.java:1139)
	at java.base/sun.net.www.protocol.https.AbstractDelegateHttpsURLConnection.connect(AbstractDelegateHttpsURLConnection.java:179)
	at java.base/sun.net.www.protocol.http.HttpURLConnection.getOutputStream0(HttpURLConnection.java:1462)
	at java.base/sun.net.www.protocol.http.HttpURLConnection.getOutputStream(HttpURLConnection.java:1433)
	at java.base/sun.net.www.protocol.https.HttpsURLConnectionImpl.getOutputStream(HttpsURLConnectionImpl.java:219)
	at com.google.api.client.http.javanet.NetHttpRequest.execute(NetHttpRequest.java:113)
	at com.google.api.client.http.javanet.NetHttpRequest.execute(NetHttpRequest.java:84)
	at com.google.api.client.http.HttpRequest.execute(HttpRequest.java:1012)
	at com.google.auth.oauth2.ServiceAccountCredentials.refreshAccessToken(ServiceAccountCredentials.java:538)
	... 30 common frames omitted
2025-12-25 22:01:26 ERROR u.q.service.sheet.SheetServiceImpl - Error reading range data!A:B: 
com.google.auth.oauth2.GoogleAuthException: Error getting access token for service account: Connect timed out, iss: notuzcomputers@notuzcomputers.iam.gserviceaccount.com
	at com.google.auth.oauth2.GoogleAuthException.createWithTokenEndpointIOException(GoogleAuthException.java:166)
	at com.google.auth.oauth2.ServiceAccountCredentials.refreshAccessToken(ServiceAccountCredentials.java:543)
	at com.google.auth.oauth2.OAuth2Credentials$1.call(OAuth2Credentials.java:269)
	at com.google.auth.oauth2.OAuth2Credentials$1.call(OAuth2Credentials.java:266)
	at java.base/java.util.concurrent.FutureTask.run$$$capture(FutureTask.java:317)
	at java.base/java.util.concurrent.FutureTask.run(FutureTask.java)
	at com.google.auth.oauth2.OAuth2Credentials$RefreshTask.run(OAuth2Credentials.java:633)
	at com.google.common.util.concurrent.DirectExecutor.execute(DirectExecutor.java:31)
	at com.google.auth.oauth2.OAuth2Credentials$AsyncRefreshResult.executeIfNew(OAuth2Credentials.java:581)
	at com.google.auth.oauth2.OAuth2Credentials.asyncFetch(OAuth2Credentials.java:232)
	at com.google.auth.oauth2.OAuth2Credentials.getRequestMetadata(OAuth2Credentials.java:182)
	at com.google.auth.oauth2.ServiceAccountCredentials.getRequestMetadata(ServiceAccountCredentials.java:938)
	at com.google.auth.http.HttpCredentialsAdapter.initialize(HttpCredentialsAdapter.java:96)
	at com.google.api.client.http.HttpRequestFactory.buildRequest(HttpRequestFactory.java:91)
	at com.google.api.client.googleapis.services.AbstractGoogleClientRequest.buildHttpRequest(AbstractGoogleClientRequest.java:415)
	at com.google.api.client.googleapis.services.AbstractGoogleClientRequest.executeUnparsed(AbstractGoogleClientRequest.java:525)
	at com.google.api.client.googleapis.services.AbstractGoogleClientRequest.executeUnparsed(AbstractGoogleClientRequest.java:466)
	at com.google.api.client.googleapis.services.AbstractGoogleClientRequest.execute(AbstractGoogleClientRequest.java:576)
	at uz.qarzdorlar_ai.service.sheet.SheetServiceImpl.readRange(SheetServiceImpl.java:109)
	at uz.qarzdorlar_ai.service.sheet.SheetServiceImpl.importGoogleSheetData(SheetServiceImpl.java:151)
	at uz.qarzdorlar_ai.scheduling.GoogleSheetDataUpdates.updateOrInsertProductDatabase(GoogleSheetDataUpdates.java:40)
	at java.base/jdk.internal.reflect.DirectMethodHandleAccessor.invoke(DirectMethodHandleAccessor.java:103)
	at java.base/java.lang.reflect.Method.invoke(Method.java:580)
	at org.springframework.aop.support.AopUtils.invokeJoinpointUsingReflection(AopUtils.java:360)
	at org.springframework.aop.framework.ReflectiveMethodInvocation.invokeJoinpoint(ReflectiveMethodInvocation.java:196)
	at org.springframework.aop.framework.ReflectiveMethodInvocation.proceed(ReflectiveMethodInvocation.java:163)
	at org.springframework.aop.interceptor.AsyncExecutionInterceptor.lambda$invoke$0(AsyncExecutionInterceptor.java:114)
	at java.base/java.util.concurrent.FutureTask.run$$$capture(FutureTask.java:317)
	at java.base/java.util.concurrent.FutureTask.run(FutureTask.java)
	at java.base/java.util.concurrent.ThreadPoolExecutor.runWorker(ThreadPoolExecutor.java:1144)
	at java.base/java.util.concurrent.ThreadPoolExecutor$Worker.run(ThreadPoolExecutor.java:642)
	at java.base/java.lang.Thread.run(Thread.java:1583)
Caused by: java.net.SocketTimeoutException: Connect timed out
	at java.base/sun.nio.ch.NioSocketImpl.timedFinishConnect(NioSocketImpl.java:546)
	at java.base/sun.nio.ch.NioSocketImpl.connect(NioSocketImpl.java:592)
	at java.base/java.net.SocksSocketImpl.connect(SocksSocketImpl.java:327)
	at java.base/java.net.Socket.connect(Socket.java:751)
	at java.base/sun.security.ssl.SSLSocketImpl.connect(SSLSocketImpl.java:304)
	at java.base/sun.net.NetworkClient.doConnect(NetworkClient.java:178)
	at java.base/sun.net.www.http.HttpClient.openServer(HttpClient.java:531)
	at java.base/sun.net.www.http.HttpClient.openServer(HttpClient.java:636)
	at java.base/sun.net.www.protocol.https.HttpsClient.<init>(HttpsClient.java:264)
	at java.base/sun.net.www.protocol.https.HttpsClient.New(HttpsClient.java:377)
	at java.base/sun.net.www.protocol.https.AbstractDelegateHttpsURLConnection.getNewHttpClient(AbstractDelegateHttpsURLConnection.java:193)
	at java.base/sun.net.www.protocol.http.HttpURLConnection.plainConnect0(HttpURLConnection.java:1253)
	at java.base/sun.net.www.protocol.http.HttpURLConnection.plainConnect(HttpURLConnection.java:1139)
	at java.base/sun.net.www.protocol.https.AbstractDelegateHttpsURLConnection.connect(AbstractDelegateHttpsURLConnection.java:179)
	at java.base/sun.net.www.protocol.http.HttpURLConnection.getOutputStream0(HttpURLConnection.java:1462)
	at java.base/sun.net.www.protocol.http.HttpURLConnection.getOutputStream(HttpURLConnection.java:1433)
	at java.base/sun.net.www.protocol.https.HttpsURLConnectionImpl.getOutputStream(HttpsURLConnectionImpl.java:219)
	at com.google.api.client.http.javanet.NetHttpRequest.execute(NetHttpRequest.java:113)
	at com.google.api.client.http.javanet.NetHttpRequest.execute(NetHttpRequest.java:84)
	at com.google.api.client.http.HttpRequest.execute(HttpRequest.java:1012)
	at com.google.auth.oauth2.ServiceAccountCredentials.refreshAccessToken(ServiceAccountCredentials.java:538)
	... 30 common frames omitted
2025-12-25 22:01:26 ERROR o.s.a.i.SimpleAsyncUncaughtExceptionHandler - Unexpected exception occurred invoking async method: public void uz.qarzdorlar_ai.scheduling.GoogleSheetDataUpdates.updateOrInsertProductDatabase()
java.lang.RuntimeException: Data retrieval failed from Google Sheets
	at uz.qarzdorlar_ai.service.sheet.SheetServiceImpl.readRange(SheetServiceImpl.java:120)
	at uz.qarzdorlar_ai.service.sheet.SheetServiceImpl.importGoogleSheetData(SheetServiceImpl.java:151)
	at uz.qarzdorlar_ai.scheduling.GoogleSheetDataUpdates.updateOrInsertProductDatabase(GoogleSheetDataUpdates.java:40)
	at java.base/jdk.internal.reflect.DirectMethodHandleAccessor.invoke(DirectMethodHandleAccessor.java:103)
	at java.base/java.lang.reflect.Method.invoke(Method.java:580)
	at org.springframework.aop.support.AopUtils.invokeJoinpointUsingReflection(AopUtils.java:360)
	at org.springframework.aop.framework.ReflectiveMethodInvocation.invokeJoinpoint(ReflectiveMethodInvocation.java:196)
	at org.springframework.aop.framework.ReflectiveMethodInvocation.proceed(ReflectiveMethodInvocation.java:163)
	at org.springframework.aop.interceptor.AsyncExecutionInterceptor.lambda$invoke$0(AsyncExecutionInterceptor.java:114)
	at java.base/java.util.concurrent.FutureTask.run$$$capture(FutureTask.java:317)
	at java.base/java.util.concurrent.FutureTask.run(FutureTask.java)
	at java.base/java.util.concurrent.ThreadPoolExecutor.runWorker(ThreadPoolExecutor.java:1144)
	at java.base/java.util.concurrent.ThreadPoolExecutor$Worker.run(ThreadPoolExecutor.java:642)
	at java.base/java.lang.Thread.run(Thread.java:1583)
Caused by: com.google.auth.oauth2.GoogleAuthException: Error getting access token for service account: Connect timed out, iss: notuzcomputers@notuzcomputers.iam.gserviceaccount.com
	at com.google.auth.oauth2.GoogleAuthException.createWithTokenEndpointIOException(GoogleAuthException.java:166)
	at com.google.auth.oauth2.ServiceAccountCredentials.refreshAccessToken(ServiceAccountCredentials.java:543)
	at com.google.auth.oauth2.OAuth2Credentials$1.call(OAuth2Credentials.java:269)
	at com.google.auth.oauth2.OAuth2Credentials$1.call(OAuth2Credentials.java:266)
	at java.base/java.util.concurrent.FutureTask.run$$$capture(FutureTask.java:317)
	at java.base/java.util.concurrent.FutureTask.run(FutureTask.java)
	at com.google.auth.oauth2.OAuth2Credentials$RefreshTask.run(OAuth2Credentials.java:633)
	at com.google.common.util.concurrent.DirectExecutor.execute(DirectExecutor.java:31)
	at com.google.auth.oauth2.OAuth2Credentials$AsyncRefreshResult.executeIfNew(OAuth2Credentials.java:581)
	at com.google.auth.oauth2.OAuth2Credentials.asyncFetch(OAuth2Credentials.java:232)
	at com.google.auth.oauth2.OAuth2Credentials.getRequestMetadata(OAuth2Credentials.java:182)
	at com.google.auth.oauth2.ServiceAccountCredentials.getRequestMetadata(ServiceAccountCredentials.java:938)
	at com.google.auth.http.HttpCredentialsAdapter.initialize(HttpCredentialsAdapter.java:96)
	at com.google.api.client.http.HttpRequestFactory.buildRequest(HttpRequestFactory.java:91)
	at com.google.api.client.googleapis.services.AbstractGoogleClientRequest.buildHttpRequest(AbstractGoogleClientRequest.java:415)
	at com.google.api.client.googleapis.services.AbstractGoogleClientRequest.executeUnparsed(AbstractGoogleClientRequest.java:525)
	at com.google.api.client.googleapis.services.AbstractGoogleClientRequest.executeUnparsed(AbstractGoogleClientRequest.java:466)
	at com.google.api.client.googleapis.services.AbstractGoogleClientRequest.execute(AbstractGoogleClientRequest.java:576)
	at uz.qarzdorlar_ai.service.sheet.SheetServiceImpl.readRange(SheetServiceImpl.java:109)
	... 13 common frames omitted
Caused by: java.net.SocketTimeoutException: Connect timed out
	at java.base/sun.nio.ch.NioSocketImpl.timedFinishConnect(NioSocketImpl.java:546)
	at java.base/sun.nio.ch.NioSocketImpl.connect(NioSocketImpl.java:592)
	at java.base/java.net.SocksSocketImpl.connect(SocksSocketImpl.java:327)
	at java.base/java.net.Socket.connect(Socket.java:751)
	at java.base/sun.security.ssl.SSLSocketImpl.connect(SSLSocketImpl.java:304)
	at java.base/sun.net.NetworkClient.doConnect(NetworkClient.java:178)
	at java.base/sun.net.www.http.HttpClient.openServer(HttpClient.java:531)
	at java.base/sun.net.www.http.HttpClient.openServer(HttpClient.java:636)
	at java.base/sun.net.www.protocol.https.HttpsClient.<init>(HttpsClient.java:264)
	at java.base/sun.net.www.protocol.https.HttpsClient.New(HttpsClient.java:377)
	at java.base/sun.net.www.protocol.https.AbstractDelegateHttpsURLConnection.getNewHttpClient(AbstractDelegateHttpsURLConnection.java:193)
	at java.base/sun.net.www.protocol.http.HttpURLConnection.plainConnect0(HttpURLConnection.java:1253)
	at java.base/sun.net.www.protocol.http.HttpURLConnection.plainConnect(HttpURLConnection.java:1139)
	at java.base/sun.net.www.protocol.https.AbstractDelegateHttpsURLConnection.connect(AbstractDelegateHttpsURLConnection.java:179)
	at java.base/sun.net.www.protocol.http.HttpURLConnection.getOutputStream0(HttpURLConnection.java:1462)
	at java.base/sun.net.www.protocol.http.HttpURLConnection.getOutputStream(HttpURLConnection.java:1433)
	at java.base/sun.net.www.protocol.https.HttpsURLConnectionImpl.getOutputStream(HttpsURLConnectionImpl.java:219)
	at com.google.api.client.http.javanet.NetHttpRequest.execute(NetHttpRequest.java:113)
	at com.google.api.client.http.javanet.NetHttpRequest.execute(NetHttpRequest.java:84)
	at com.google.api.client.http.HttpRequest.execute(HttpRequest.java:1012)
	at com.google.auth.oauth2.ServiceAccountCredentials.refreshAccessToken(ServiceAccountCredentials.java:538)
	... 30 common frames omitted
2025-12-25 23:01:26 ERROR u.q.service.sheet.SheetServiceImpl - Error reading range data!A:B: 
com.google.auth.oauth2.GoogleAuthException: Error getting access token for service account: Connect timed out, iss: notuzcomputers@notuzcomputers.iam.gserviceaccount.com
	at com.google.auth.oauth2.GoogleAuthException.createWithTokenEndpointIOException(GoogleAuthException.java:166)
	at com.google.auth.oauth2.ServiceAccountCredentials.refreshAccessToken(ServiceAccountCredentials.java:543)
	at com.google.auth.oauth2.OAuth2Credentials$1.call(OAuth2Credentials.java:269)
	at com.google.auth.oauth2.OAuth2Credentials$1.call(OAuth2Credentials.java:266)
	at java.base/java.util.concurrent.FutureTask.run$$$capture(FutureTask.java:317)
	at java.base/java.util.concurrent.FutureTask.run(FutureTask.java)
	at com.google.auth.oauth2.OAuth2Credentials$RefreshTask.run(OAuth2Credentials.java:633)
	at com.google.common.util.concurrent.DirectExecutor.execute(DirectExecutor.java:31)
	at com.google.auth.oauth2.OAuth2Credentials$AsyncRefreshResult.executeIfNew(OAuth2Credentials.java:581)
	at com.google.auth.oauth2.OAuth2Credentials.asyncFetch(OAuth2Credentials.java:232)
	at com.google.auth.oauth2.OAuth2Credentials.getRequestMetadata(OAuth2Credentials.java:182)
	at com.google.auth.oauth2.ServiceAccountCredentials.getRequestMetadata(ServiceAccountCredentials.java:938)
	at com.google.auth.http.HttpCredentialsAdapter.initialize(HttpCredentialsAdapter.java:96)
	at com.google.api.client.http.HttpRequestFactory.buildRequest(HttpRequestFactory.java:91)
	at com.google.api.client.googleapis.services.AbstractGoogleClientRequest.buildHttpRequest(AbstractGoogleClientRequest.java:415)
	at com.google.api.client.googleapis.services.AbstractGoogleClientRequest.executeUnparsed(AbstractGoogleClientRequest.java:525)
	at com.google.api.client.googleapis.services.AbstractGoogleClientRequest.executeUnparsed(AbstractGoogleClientRequest.java:466)
	at com.google.api.client.googleapis.services.AbstractGoogleClientRequest.execute(AbstractGoogleClientRequest.java:576)
	at uz.qarzdorlar_ai.service.sheet.SheetServiceImpl.readRange(SheetServiceImpl.java:109)
	at uz.qarzdorlar_ai.service.sheet.SheetServiceImpl.importGoogleSheetData(SheetServiceImpl.java:151)
	at uz.qarzdorlar_ai.scheduling.GoogleSheetDataUpdates.updateOrInsertProductDatabase(GoogleSheetDataUpdates.java:40)
	at java.base/jdk.internal.reflect.DirectMethodHandleAccessor.invoke(DirectMethodHandleAccessor.java:103)
	at java.base/java.lang.reflect.Method.invoke(Method.java:580)
	at org.springframework.aop.support.AopUtils.invokeJoinpointUsingReflection(AopUtils.java:360)
	at org.springframework.aop.framework.ReflectiveMethodInvocation.invokeJoinpoint(ReflectiveMethodInvocation.java:196)
	at org.springframework.aop.framework.ReflectiveMethodInvocation.proceed(ReflectiveMethodInvocation.java:163)
	at org.springframework.aop.interceptor.AsyncExecutionInterceptor.lambda$invoke$0(AsyncExecutionInterceptor.java:114)
	at java.base/java.util.concurrent.FutureTask.run$$$capture(FutureTask.java:317)
	at java.base/java.util.concurrent.FutureTask.run(FutureTask.java)
	at java.base/java.util.concurrent.ThreadPoolExecutor.runWorker(ThreadPoolExecutor.java:1144)
	at java.base/java.util.concurrent.ThreadPoolExecutor$Worker.run(ThreadPoolExecutor.java:642)
	at java.base/java.lang.Thread.run(Thread.java:1583)
Caused by: java.net.SocketTimeoutException: Connect timed out
	at java.base/sun.nio.ch.NioSocketImpl.timedFinishConnect(NioSocketImpl.java:546)
	at java.base/sun.nio.ch.NioSocketImpl.connect(NioSocketImpl.java:592)
	at java.base/java.net.SocksSocketImpl.connect(SocksSocketImpl.java:327)
	at java.base/java.net.Socket.connect(Socket.java:751)
	at java.base/sun.security.ssl.SSLSocketImpl.connect(SSLSocketImpl.java:304)
	at java.base/sun.net.NetworkClient.doConnect(NetworkClient.java:178)
	at java.base/sun.net.www.http.HttpClient.openServer(HttpClient.java:531)
	at java.base/sun.net.www.http.HttpClient.openServer(HttpClient.java:636)
	at java.base/sun.net.www.protocol.https.HttpsClient.<init>(HttpsClient.java:264)
	at java.base/sun.net.www.protocol.https.HttpsClient.New(HttpsClient.java:377)
	at java.base/sun.net.www.protocol.https.AbstractDelegateHttpsURLConnection.getNewHttpClient(AbstractDelegateHttpsURLConnection.java:193)
	at java.base/sun.net.www.protocol.http.HttpURLConnection.plainConnect0(HttpURLConnection.java:1253)
	at java.base/sun.net.www.protocol.http.HttpURLConnection.plainConnect(HttpURLConnection.java:1139)
	at java.base/sun.net.www.protocol.https.AbstractDelegateHttpsURLConnection.connect(AbstractDelegateHttpsURLConnection.java:179)
	at java.base/sun.net.www.protocol.http.HttpURLConnection.getOutputStream0(HttpURLConnection.java:1462)
	at java.base/sun.net.www.protocol.http.HttpURLConnection.getOutputStream(HttpURLConnection.java:1433)
	at java.base/sun.net.www.protocol.https.HttpsURLConnectionImpl.getOutputStream(HttpsURLConnectionImpl.java:219)
	at com.google.api.client.http.javanet.NetHttpRequest.execute(NetHttpRequest.java:113)
	at com.google.api.client.http.javanet.NetHttpRequest.execute(NetHttpRequest.java:84)
	at com.google.api.client.http.HttpRequest.execute(HttpRequest.java:1012)
	at com.google.auth.oauth2.ServiceAccountCredentials.refreshAccessToken(ServiceAccountCredentials.java:538)
	... 30 common frames omitted
2025-12-25 23:01:26 ERROR o.s.a.i.SimpleAsyncUncaughtExceptionHandler - Unexpected exception occurred invoking async method: public void uz.qarzdorlar_ai.scheduling.GoogleSheetDataUpdates.updateOrInsertProductDatabase()
java.lang.RuntimeException: Data retrieval failed from Google Sheets
	at uz.qarzdorlar_ai.service.sheet.SheetServiceImpl.readRange(SheetServiceImpl.java:120)
	at uz.qarzdorlar_ai.service.sheet.SheetServiceImpl.importGoogleSheetData(SheetServiceImpl.java:151)
	at uz.qarzdorlar_ai.scheduling.GoogleSheetDataUpdates.updateOrInsertProductDatabase(GoogleSheetDataUpdates.java:40)
	at java.base/jdk.internal.reflect.DirectMethodHandleAccessor.invoke(DirectMethodHandleAccessor.java:103)
	at java.base/java.lang.reflect.Method.invoke(Method.java:580)
	at org.springframework.aop.support.AopUtils.invokeJoinpointUsingReflection(AopUtils.java:360)
	at org.springframework.aop.framework.ReflectiveMethodInvocation.invokeJoinpoint(ReflectiveMethodInvocation.java:196)
	at org.springframework.aop.framework.ReflectiveMethodInvocation.proceed(ReflectiveMethodInvocation.java:163)
	at org.springframework.aop.interceptor.AsyncExecutionInterceptor.lambda$invoke$0(AsyncExecutionInterceptor.java:114)
	at java.base/java.util.concurrent.FutureTask.run$$$capture(FutureTask.java:317)
	at java.base/java.util.concurrent.FutureTask.run(FutureTask.java)
	at java.base/java.util.concurrent.ThreadPoolExecutor.runWorker(ThreadPoolExecutor.java:1144)
	at java.base/java.util.concurrent.ThreadPoolExecutor$Worker.run(ThreadPoolExecutor.java:642)
	at java.base/java.lang.Thread.run(Thread.java:1583)
Caused by: com.google.auth.oauth2.GoogleAuthException: Error getting access token for service account: Connect timed out, iss: notuzcomputers@notuzcomputers.iam.gserviceaccount.com
	at com.google.auth.oauth2.GoogleAuthException.createWithTokenEndpointIOException(GoogleAuthException.java:166)
	at com.google.auth.oauth2.ServiceAccountCredentials.refreshAccessToken(ServiceAccountCredentials.java:543)
	at com.google.auth.oauth2.OAuth2Credentials$1.call(OAuth2Credentials.java:269)
	at com.google.auth.oauth2.OAuth2Credentials$1.call(OAuth2Credentials.java:266)
	at java.base/java.util.concurrent.FutureTask.run$$$capture(FutureTask.java:317)
	at java.base/java.util.concurrent.FutureTask.run(FutureTask.java)
	at com.google.auth.oauth2.OAuth2Credentials$RefreshTask.run(OAuth2Credentials.java:633)
	at com.google.common.util.concurrent.DirectExecutor.execute(DirectExecutor.java:31)
	at com.google.auth.oauth2.OAuth2Credentials$AsyncRefreshResult.executeIfNew(OAuth2Credentials.java:581)
	at com.google.auth.oauth2.OAuth2Credentials.asyncFetch(OAuth2Credentials.java:232)
	at com.google.auth.oauth2.OAuth2Credentials.getRequestMetadata(OAuth2Credentials.java:182)
	at com.google.auth.oauth2.ServiceAccountCredentials.getRequestMetadata(ServiceAccountCredentials.java:938)
	at com.google.auth.http.HttpCredentialsAdapter.initialize(HttpCredentialsAdapter.java:96)
	at com.google.api.client.http.HttpRequestFactory.buildRequest(HttpRequestFactory.java:91)
	at com.google.api.client.googleapis.services.AbstractGoogleClientRequest.buildHttpRequest(AbstractGoogleClientRequest.java:415)
	at com.google.api.client.googleapis.services.AbstractGoogleClientRequest.executeUnparsed(AbstractGoogleClientRequest.java:525)
	at com.google.api.client.googleapis.services.AbstractGoogleClientRequest.executeUnparsed(AbstractGoogleClientRequest.java:466)
	at com.google.api.client.googleapis.services.AbstractGoogleClientRequest.execute(AbstractGoogleClientRequest.java:576)
	at uz.qarzdorlar_ai.service.sheet.SheetServiceImpl.readRange(SheetServiceImpl.java:109)
	... 13 common frames omitted
Caused by: java.net.SocketTimeoutException: Connect timed out
	at java.base/sun.nio.ch.NioSocketImpl.timedFinishConnect(NioSocketImpl.java:546)
	at java.base/sun.nio.ch.NioSocketImpl.connect(NioSocketImpl.java:592)
	at java.base/java.net.SocksSocketImpl.connect(SocksSocketImpl.java:327)
	at java.base/java.net.Socket.connect(Socket.java:751)
	at java.base/sun.security.ssl.SSLSocketImpl.connect(SSLSocketImpl.java:304)
	at java.base/sun.net.NetworkClient.doConnect(NetworkClient.java:178)
	at java.base/sun.net.www.http.HttpClient.openServer(HttpClient.java:531)
	at java.base/sun.net.www.http.HttpClient.openServer(HttpClient.java:636)
	at java.base/sun.net.www.protocol.https.HttpsClient.<init>(HttpsClient.java:264)
	at java.base/sun.net.www.protocol.https.HttpsClient.New(HttpsClient.java:377)
	at java.base/sun.net.www.protocol.https.AbstractDelegateHttpsURLConnection.getNewHttpClient(AbstractDelegateHttpsURLConnection.java:193)
	at java.base/sun.net.www.protocol.http.HttpURLConnection.plainConnect0(HttpURLConnection.java:1253)
	at java.base/sun.net.www.protocol.http.HttpURLConnection.plainConnect(HttpURLConnection.java:1139)
	at java.base/sun.net.www.protocol.https.AbstractDelegateHttpsURLConnection.connect(AbstractDelegateHttpsURLConnection.java:179)
	at java.base/sun.net.www.protocol.http.HttpURLConnection.getOutputStream0(HttpURLConnection.java:1462)
	at java.base/sun.net.www.protocol.http.HttpURLConnection.getOutputStream(HttpURLConnection.java:1433)
	at java.base/sun.net.www.protocol.https.HttpsURLConnectionImpl.getOutputStream(HttpsURLConnectionImpl.java:219)
	at com.google.api.client.http.javanet.NetHttpRequest.execute(NetHttpRequest.java:113)
	at com.google.api.client.http.javanet.NetHttpRequest.execute(NetHttpRequest.java:84)
	at com.google.api.client.http.HttpRequest.execute(HttpRequest.java:1012)
	at com.google.auth.oauth2.ServiceAccountCredentials.refreshAccessToken(ServiceAccountCredentials.java:538)
	... 30 common frames omitted
